<?xml version="1.0" encoding="UTF-8"?>
<!-- Generated by org.testng.reporters.JUnitReportReporter -->
<testsuite skipped="1" hostname="TYUDM" name="com.w2a.testcases.OpenAccountTest" tests="1" failures="0" timestamp="14 May 2019 10:39:24 GMT" time="0.002" errors="0">
  <testcase name="openAccountTest" time="0.002" classname="com.w2a.testcases.OpenAccountTest">
    <skipped/>
  </testcase> <!-- openAccountTest -->
</testsuite> <!-- com.w2a.testcases.OpenAccountTest -->
