<?xml version="1.0" encoding="UTF-8"?>
<!-- Generated by org.testng.reporters.JUnitReportReporter -->
<testsuite hostname="TYUDM" failures="0" tests="1" name="com.w2a.testcases.OpenAccountTest" time="3.114" errors="0" timestamp="22 Nov 2019 15:55:47 GMT" skipped="0">
  <testcase classname="com.w2a.testcases.OpenAccountTest" name="openAccountTest" time="3.114"/>
</testsuite> <!-- com.w2a.testcases.OpenAccountTest -->
