<?xml version="1.0" encoding="UTF-8"?>
<!-- Generated by org.testng.reporters.JUnitReportReporter -->
<testsuite skipped="0" hostname="TYUDM" name="com.w2a.testcases.BankManagerLoginTest" tests="1" failures="0" timestamp="13 May 2019 13:44:08 GMT" time="0.463" errors="0">
  <testcase name="bankManagerLoginTest" time="0.463" classname="com.w2a.testcases.BankManagerLoginTest"/>
</testsuite> <!-- com.w2a.testcases.BankManagerLoginTest -->
