<?xml version="1.0" encoding="UTF-8"?>
<!-- Generated by org.testng.reporters.JUnitReportReporter -->
<testsuite hostname="TYUDM" failures="0" tests="1" name="com.w2a.testcases.BankManagerLoginTest" time="0.833" errors="0" timestamp="27 Nov 2019 11:10:31 GMT" skipped="0">
  <testcase classname="com.w2a.testcases.BankManagerLoginTest" name="bankManagerLoginTest" time="0.833"/>
</testsuite> <!-- com.w2a.testcases.BankManagerLoginTest -->
