<?xml version="1.0" encoding="UTF-8"?>
<!-- Generated by org.testng.reporters.JUnitReportReporter -->
<testsuite skipped="0" hostname="TYUDM" name="com.w2a.testcases.OpenAccountTest" tests="1" failures="0" timestamp="14 May 2019 10:31:56 GMT" time="2.750" errors="0">
  <testcase name="openAccountTest" time="2.750" classname="com.w2a.testcases.OpenAccountTest"/>
</testsuite> <!-- com.w2a.testcases.OpenAccountTest -->
